TN:
SF:/Users/guillermo/Desktop/projects/user-manager/user-manager-db/config.js
FNF:0
FNH:0
DA:1,1
LF:1
LH:1
BRDA:2,0,0,1
BRDA:2,0,1,1
BRDA:3,1,0,1
BRDA:3,1,1,1
BRDA:4,2,0,1
BRDA:4,2,1,1
BRDA:5,3,0,1
BRDA:5,3,1,1
BRDA:6,4,0,1
BRDA:6,4,1,1
BRF:10
BRH:10
end_of_record
TN:
SF:/Users/guillermo/Desktop/projects/user-manager/user-manager-db/index.js
FNF:0
FNH:0
DA:1,1
LF:1
LH:1
BRF:0
BRH:0
end_of_record
TN:
SF:/Users/guillermo/Desktop/projects/user-manager/user-manager-db/lib/db.js
FN:7,(anonymous_0)
FN:13,(anonymous_1)
FN:23,(anonymous_2)
FN:39,(anonymous_3)
FN:51,(anonymous_4)
FN:70,(anonymous_5)
FN:84,(anonymous_6)
FN:94,(anonymous_7)
FN:110,(anonymous_8)
FN:122,(anonymous_9)
FN:145,(anonymous_10)
FN:159,(anonymous_11)
FN:168,(anonymous_12)
FNF:13
FNH:13
FNDA:1,(anonymous_0)
FNDA:8,(anonymous_1)
FNDA:8,(anonymous_2)
FNDA:2,(anonymous_3)
FNDA:4,(anonymous_4)
FNDA:3,(anonymous_5)
FNDA:8,(anonymous_6)
FNDA:8,(anonymous_7)
FNDA:2,(anonymous_8)
FNDA:4,(anonymous_9)
FNDA:3,(anonymous_10)
FNDA:12,(anonymous_11)
FNDA:12,(anonymous_12)
DA:1,1
DA:2,1
DA:3,1
DA:4,1
DA:8,1
DA:9,1
DA:10,1
DA:14,8
DA:15,8
DA:16,7
DA:17,7
DA:19,1
DA:24,8
DA:25,8
DA:27,7
DA:31,7
DA:33,4
DA:35,4
DA:40,2
DA:41,2
DA:43,2
DA:45,1
DA:47,1
DA:52,4
DA:53,4
DA:55,3
DA:57,2
DA:59,1
DA:64,1
DA:66,3
DA:71,3
DA:72,3
DA:74,2
DA:75,1
DA:76,1
DA:78,1
DA:80,2
DA:85,8
DA:86,8
DA:87,7
DA:88,7
DA:90,1
DA:95,8
DA:96,8
DA:98,7
DA:102,7
DA:104,4
DA:106,4
DA:111,2
DA:112,2
DA:114,2
DA:116,1
DA:118,1
DA:123,4
DA:124,4
DA:126,3
DA:128,2
DA:130,1
DA:139,1
DA:141,3
DA:146,3
DA:147,3
DA:149,2
DA:150,1
DA:151,1
DA:153,1
DA:155,2
DA:160,12
DA:161,12
DA:162,12
DA:164,0
DA:169,12
DA:170,12
DA:171,12
DA:173,0
DA:178,1
LF:76
LH:74
BRDA:7,0,0,0
BRDA:15,1,0,1
BRDA:15,1,1,7
BRDA:25,2,0,1
BRDA:25,2,1,7
BRDA:31,3,0,3
BRDA:31,3,1,4
BRDA:43,4,0,1
BRDA:43,4,1,1
BRDA:53,5,0,1
BRDA:53,5,1,3
BRDA:57,6,0,1
BRDA:57,6,1,1
BRDA:72,7,0,1
BRDA:72,7,1,2
BRDA:86,8,0,1
BRDA:86,8,1,7
BRDA:96,9,0,1
BRDA:96,9,1,7
BRDA:102,10,0,3
BRDA:102,10,1,4
BRDA:114,11,0,1
BRDA:114,11,1,1
BRDA:124,12,0,1
BRDA:124,12,1,3
BRDA:128,13,0,1
BRDA:128,13,1,1
BRDA:147,14,0,1
BRDA:147,14,1,2
BRF:29
BRH:28
end_of_record
TN:
SF:/Users/guillermo/Desktop/projects/user-manager/user-manager-db/lib/setupSequelize.js
FN:5,setupSequelize
FNF:1
FNH:1
FNDA:3,setupSequelize
DA:1,1
DA:3,1
DA:6,3
DA:7,1
DA:9,3
DA:12,1
LF:6
LH:6
BRDA:6,0,0,1
BRDA:6,0,1,2
BRF:2
BRH:2
end_of_record
TN:
SF:/Users/guillermo/Desktop/projects/user-manager/user-manager-db/models/group.js
FN:4,(anonymous_0)
FNF:1
FNH:1
FNDA:1,(anonymous_0)
DA:1,1
DA:2,1
DA:4,1
DA:5,1
DA:7,1
DA:24,1
LF:6
LH:6
BRF:0
BRH:0
end_of_record
TN:
SF:/Users/guillermo/Desktop/projects/user-manager/user-manager-db/models/index.js
FN:4,(anonymous_0)
FNF:1
FNH:1
FNDA:1,(anonymous_0)
DA:1,1
DA:2,1
DA:4,1
DA:5,1
DA:6,1
DA:8,1
DA:9,1
DA:11,1
LF:8
LH:8
BRF:0
BRH:0
end_of_record
TN:
SF:/Users/guillermo/Desktop/projects/user-manager/user-manager-db/models/user.js
FN:4,(anonymous_0)
FNF:1
FNH:1
FNDA:1,(anonymous_0)
DA:1,1
DA:2,1
DA:4,1
DA:5,1
DA:7,1
DA:36,1
LF:6
LH:6
BRF:0
BRH:0
end_of_record
TN:
SF:/Users/guillermo/Desktop/projects/user-manager/user-manager-db/tests/db-test.js
FN:8,(anonymous_2)
FN:12,(anonymous_3)
FN:16,(anonymous_4)
FN:20,(anonymous_5)
FN:33,(anonymous_6)
FN:48,(anonymous_7)
FN:54,(anonymous_8)
FN:65,(anonymous_9)
FN:71,(anonymous_10)
FN:88,(anonymous_11)
FN:102,(anonymous_12)
FN:118,(anonymous_13)
FN:136,(anonymous_14)
FN:142,(anonymous_15)
FN:153,(anonymous_16)
FN:161,(anonymous_17)
FN:181,(anonymous_18)
FNF:17
FNH:17
FNDA:108,(anonymous_2)
FNDA:12,(anonymous_3)
FNDA:12,(anonymous_4)
FNDA:1,(anonymous_5)
FNDA:1,(anonymous_6)
FNDA:1,(anonymous_7)
FNDA:3,(anonymous_8)
FNDA:1,(anonymous_9)
FNDA:1,(anonymous_10)
FNDA:1,(anonymous_11)
FNDA:1,(anonymous_12)
FNDA:1,(anonymous_13)
FNDA:1,(anonymous_14)
FNDA:3,(anonymous_15)
FNDA:1,(anonymous_16)
FNDA:1,(anonymous_17)
FNDA:1,(anonymous_18)
DA:1,1
DA:2,1
DA:3,1
DA:4,1
DA:5,1
DA:7,1
DA:8,108
DA:10,1
DA:12,1
DA:13,12
DA:16,1
DA:17,12
DA:20,1
DA:21,1
DA:23,1
DA:24,1
DA:25,1
DA:27,1
DA:28,1
DA:29,1
DA:30,1
DA:33,1
DA:34,1
DA:36,1
DA:37,1
DA:38,1
DA:39,1
DA:41,1
DA:42,1
DA:43,1
DA:44,1
DA:45,1
DA:48,1
DA:49,1
DA:51,1
DA:52,1
DA:54,1
DA:55,3
DA:58,1
DA:60,1
DA:62,1
DA:65,1
DA:66,1
DA:68,1
DA:71,1
DA:72,1
DA:74,1
DA:75,1
DA:76,1
DA:77,1
DA:78,1
DA:80,1
DA:81,1
DA:82,1
DA:83,1
DA:84,1
DA:85,1
DA:88,1
DA:89,1
DA:91,1
DA:92,1
DA:93,1
DA:95,1
DA:96,1
DA:97,1
DA:98,1
DA:99,1
DA:102,1
DA:103,1
DA:105,1
DA:106,1
DA:107,1
DA:109,1
DA:110,1
DA:111,1
DA:112,1
DA:113,1
DA:114,1
DA:115,1
DA:118,1
DA:119,1
DA:121,1
DA:122,1
DA:123,1
DA:124,1
DA:126,1
DA:127,1
DA:128,1
DA:129,1
DA:130,1
DA:131,1
DA:132,1
DA:133,1
DA:136,1
DA:137,1
DA:139,1
DA:140,1
DA:142,1
DA:143,3
DA:146,1
DA:148,1
DA:150,1
DA:153,1
DA:154,1
DA:156,1
DA:159,1
DA:161,1
DA:162,1
DA:164,1
DA:165,1
DA:166,1
DA:167,1
DA:168,1
DA:170,1
DA:171,1
DA:172,1
DA:173,1
DA:174,1
DA:175,1
DA:176,1
DA:177,1
DA:178,1
DA:181,1
DA:182,1
DA:184,1
DA:185,1
DA:186,1
DA:188,1
DA:189,1
DA:190,1
DA:191,1
DA:192,1
DA:193,1
DA:194,1
DA:195,1
LF:135
LH:135
BRF:0
BRH:0
end_of_record
TN:
SF:/Users/guillermo/Desktop/projects/user-manager/user-manager-db/tests/fixtures/index.js
FN:3,getGroup
FN:12,getGroups
FN:20,getUser
FN:32,getUsers
FNF:4
FNH:4
FNDA:8,getGroup
FNDA:1,getGroups
FNDA:8,getUser
FNDA:1,getUsers
DA:1,1
DA:4,8
DA:5,8
DA:13,1
DA:21,8
DA:22,8
DA:33,1
DA:40,1
LF:8
LH:8
BRF:0
BRH:0
end_of_record
